Base path: D:/unity5.2/Editor/Data
Pipe name: \\.\pipe\UnityShaderCompiler-64bit-3-2688
Cmd: getPlatforms
Cmd: compileSnippet
  api=9 type=0 insize=1704 outsize=4090 kw= pd=UNITY_NO_DXT5nm UNITY_NO_RGBM UNITY_NO_SCREENSPACE_SHADOWS UNITY_NO_LINEAR_COLORSPACE ok=1
Cmd: compileSnippet
  error: 2 plat 9 at (0): Program 'fragThin', error X8000: D3D11 Internal Compiler Error: Invalid Bytecode: Incompatible min precision type for operand #1 of opcode #37 (counts are 1-based). Expected int or uint.\nCompiling Vertex program
Platform defines: UNITY_NO_DXT5nm UNITY_NO_RGBM UNITY_NO_SCREENSPACE_SHADOWS UNITY_NO_LINEAR_COLORSPACE
  api=9 type=0 insize=9031 outsize=0 kw= pd=UNITY_NO_DXT5nm UNITY_NO_RGBM UNITY_NO_SCREENSPACE_SHADOWS UNITY_NO_LINEAR_COLORSPACE ok=0
Cmd: compileSnippet
  error: 2 plat 9 at (0): Program 'fragRobert', error X8000: D3D11 Internal Compiler Error: Invalid Bytecode: Incompatible min precision type for operand #1 of opcode #43 (counts are 1-based). Expected int or uint.\nCompiling Vertex program
Platform defines: UNITY_NO_DXT5nm UNITY_NO_RGBM UNITY_NO_SCREENSPACE_SHADOWS UNITY_NO_LINEAR_COLORSPACE
  api=9 type=0 insize=9035 outsize=0 kw= pd=UNITY_NO_DXT5nm UNITY_NO_RGBM UNITY_NO_SCREENSPACE_SHADOWS UNITY_NO_LINEAR_COLORSPACE ok=0
Cmd: compileSnippet
  error: 2 plat 9 at (0): Program 'fragRobert', error X8000: D3D11 Internal Compiler Error: Invalid Bytecode: Incompatible min precision type for operand #1 of opcode #43 (counts are 1-based). Expected int or uint.\nCompiling Vertex program
Platform defines: UNITY_NO_DXT5nm UNITY_NO_RGBM UNITY_NO_SCREENSPACE_SHADOWS UNITY_NO_LINEAR_COLORSPACE
  api=9 type=0 insize=9035 outsize=0 kw= pd=UNITY_NO_DXT5nm UNITY_NO_RGBM UNITY_NO_SCREENSPACE_SHADOWS UNITY_NO_LINEAR_COLORSPACE ok=0
Cmd: compileSnippet
  error: 2 plat 9 at (0): Program 'fragThin', error X8000: D3D11 Internal Compiler Error: Invalid Bytecode: Incompatible min precision type for operand #1 of opcode #37 (counts are 1-based). Expected int or uint.\nCompiling Vertex program
Platform defines: UNITY_NO_DXT5nm UNITY_NO_RGBM UNITY_NO_SCREENSPACE_SHADOWS UNITY_NO_LINEAR_COLORSPACE
  api=9 type=0 insize=9031 outsize=0 kw= pd=UNITY_NO_DXT5nm UNITY_NO_RGBM UNITY_NO_SCREENSPACE_SHADOWS UNITY_NO_LINEAR_COLORSPACE ok=0
Cmd: compileSnippet
  error: 2 plat 9 at (0): Program 'fragRobert', error X8000: D3D11 Internal Compiler Error: Invalid Bytecode: Incompatible min precision type for operand #1 of opcode #43 (counts are 1-based). Expected int or uint.\nCompiling Vertex program
Platform defines: UNITY_NO_DXT5nm UNITY_NO_RGBM UNITY_NO_SCREENSPACE_SHADOWS UNITY_NO_LINEAR_COLORSPACE
  api=9 type=0 insize=9035 outsize=0 kw= pd=UNITY_NO_DXT5nm UNITY_NO_RGBM UNITY_NO_SCREENSPACE_SHADOWS UNITY_NO_LINEAR_COLORSPACE ok=0
Cmd: compileSnippet
  error: 2 plat 9 at (0): Program 'fragThin', error X8000: D3D11 Internal Compiler Error: Invalid Bytecode: Incompatible min precision type for operand #1 of opcode #37 (counts are 1-based). Expected int or uint.\nCompiling Vertex program
Platform defines: UNITY_NO_DXT5nm UNITY_NO_RGBM UNITY_NO_SCREENSPACE_SHADOWS UNITY_NO_LINEAR_COLORSPACE
  api=9 type=0 insize=9031 outsize=0 kw= pd=UNITY_NO_DXT5nm UNITY_NO_RGBM UNITY_NO_SCREENSPACE_SHADOWS UNITY_NO_LINEAR_COLORSPACE ok=0
Unhandled exception: Readfile from pipe failed. GLE=管道已结束。


Quitting shader compiler process
